    OpenRGB v0.9+ (1.0rc2)
    Commit:  from 
    Launched: 20251024_161418
====================================================================================================

0     |Info:    [ProfileManager] Found file: purpel.orp attempting to validate header
0     |Info:    [ProfileManager] Valid v5 profile found for purpel
51    |Info:    [ResourceManager] Initializing HID interfaces: Success
51    |Info:    ------------------------------------------------------
51    |Info:    |               Start device detection               |
51    |Info:    ------------------------------------------------------
61    |Info:    ------------------------------------------------------
61    |Info:    |             Detecting I2C interfaces               |
61    |Info:    ------------------------------------------------------
62    |Info:    [ResourceManager] Registering I2C interface: /dev/i2c-3 Device 10DE:2C02 Subsystem: 19DA:1762
62    |Info:    [ResourceManager] Registering I2C interface: /dev/i2c-1 Device 0000:0000 Subsystem: 0000:0000
62    |Info:    [ResourceManager] Registering I2C interface: /dev/i2c-ITE8800:00 Device 0000:0000 Subsystem: 0000:0000
62    |Info:    [ResourceManager] Registering I2C interface: /dev/i2c-6 Device 10DE:2C02 Subsystem: 19DA:1762
62    |Info:    [ResourceManager] Registering I2C interface: /dev/i2c-4 Device 10DE:2C02 Subsystem: 19DA:1762
62    |Info:    [ResourceManager] Registering I2C interface: /dev/i2c-2 Device 10DE:2C02 Subsystem: 19DA:1762
62    |Info:    [ResourceManager] Registering I2C interface: /dev/i2c-0 Device 0000:0000 Subsystem: 0000:0000
62    |Info:    [ResourceManager] Registering I2C interface: /dev/i2c-ITE8800:01 Device 0000:0000 Subsystem: 0000:0000
62    |Info:    [ResourceManager] Registering I2C interface: /dev/i2c-5 Device 10DE:2C02 Subsystem: 19DA:1762
62    |Info:    ------------------------------------------------------
62    |Info:    |               Detecting I2C devices                |
62    |Info:    ------------------------------------------------------
75    |Info:    ------------------------------------------------------
75    |Info:    |            Detecting I2C DIMM modules              |
75    |Info:    ------------------------------------------------------
75    |Info:    ------------------------------------------------------
75    |Info:    |               Detecting I2C PCI devices            |
75    |Info:    ------------------------------------------------------
76    |Info:    ------------------------------------------------------
76    |Info:    |               Detecting HID devices                |
76    |Info:    ------------------------------------------------------
713   |Info:    [NZXT RGB & Fan Controller] Registering RGB controller
760   |Info:    [Razer Basilisk V3] Registering RGB controller
875   |Info:    [X870E AORUS PRO ICE] Registering RGB controller
883   |Info:    ------------------------------------------------------
883   |Info:    |            Detecting libusb HID devices            |
883   |Info:    ------------------------------------------------------
1263  |Info:    ------------------------------------------------------
1263  |Info:    |              Detecting other devices               |
1263  |Info:    ------------------------------------------------------
1277  |Info:    [ResourceManager] Calling Post-detection callbacks
1277  |Info:    ------------------------------------------------------
1277  |Info:    |                Detection completed                 |
1277  |Info:    ------------------------------------------------------
1277  |Dialog:  <h2>Some internal devices may not be detected:</h2><p>One or more I2C or SMBus interfaces failed to initialize.</p><p><b>RGB DRAM modules, some motherboards' onboard RGB lighting, and RGB Graphics Cards, will not be available in OpenRGB</b> without I2C or SMBus.</p><h4>How to fix this:</h4><p>On Linux, this is usually because the i2c-dev module is not loaded.</p><p>You must load the i2c-dev module along with the correct i2c driver for your motherboard. This is usually i2c-piix4 for AMD systems and i2c-i801 for Intel systems.</p><p>See <a href='https://help.openrgb.org/'>help.openrgb.org</a> for additional troubleshooting steps if you keep seeing this message.<br></p><h3>If you are not using internal RGB on a desktop this message is not important to you.</h3>
