[2025-Oct-20 23:27:40.433 +02:00][ 8178: 8178][info ] Logging initialized
[2025-Oct-20 23:27:40.433 +02:00][ 8178: 8178][info ] Initializing krisp SDK...
[2025-Oct-20 23:27:40.433 +02:00][ 8178: 8178][info ] DoKrispInitialize
[2025-Oct-20 23:27:40.659 +02:00][ 8178: 8178][info ] LoadDynamicKrisp
[2025-Oct-20 23:27:40.659 +02:00][ 8178: 8178][info ] Did not find KRISP_DYLIB_PATH, skipping dynamic loading
[2025-Oct-20 23:27:40.659 +02:00][ 8178: 8178][info ] Initializing Krisp SDK in PID 8178, addr 0x7f01d927cf90
[2025-Oct-20 23:27:40.659 +02:00][ 8178: 8178][info ] Initialized Krisp SDK successfully
[2025-Oct-20 23:27:40.659 +02:00][ 8178: 8178][info ] Krisp SDK initialized
[2025-Oct-20 23:28:12.587 +02:00][ 8178: 8218][info ] KrispNCSetup: sampleRate = 8000, duration = 10
[2025-Oct-20 23:28:12.587 +02:00][ 8178: 8218][info ] Setting Krisp model: small_NC_8k
[2025-Oct-20 23:28:12.595 +02:00][ 8178: 8218][info ] KrispNCReset
[2025-Oct-20 23:28:12.595 +02:00][ 8178: 8218][info ] KrispNCSetup: sampleRate = 48000, duration = 10
[2025-Oct-20 23:28:12.595 +02:00][ 8178: 8218][info ] Setting Krisp model: full_NC
[2025-Oct-20 23:50:22.270 +02:00][ 8178: 8218][info ] KrispVADSetup: sampleRate = 48000, duration = 10
[2025-Oct-23 16:57:59.937 +02:00][31592:31592][info ] Logging initialized
[2025-Oct-23 16:57:59.937 +02:00][31592:31592][info ] Initializing krisp SDK...
[2025-Oct-23 16:57:59.937 +02:00][31592:31592][info ] DoKrispInitialize
[2025-Oct-23 16:58:00.162 +02:00][31592:31592][info ] LoadDynamicKrisp
[2025-Oct-23 16:58:00.162 +02:00][31592:31592][info ] Did not find KRISP_DYLIB_PATH, skipping dynamic loading
[2025-Oct-23 16:58:00.162 +02:00][31592:31592][info ] Initializing Krisp SDK in PID 31592, addr 0x7f9567f8cf90
[2025-Oct-23 16:58:00.162 +02:00][31592:31592][info ] Initialized Krisp SDK successfully
[2025-Oct-23 16:58:00.162 +02:00][31592:31592][info ] Krisp SDK initialized
[2025-Oct-23 18:01:04.355 +02:00][31592:31643][info ] KrispNCSetup: sampleRate = 48000, duration = 10
[2025-Oct-23 18:01:04.355 +02:00][31592:31643][info ] Setting Krisp model: full_NC
[2025-Oct-23 18:01:04.374 +02:00][31592:31643][info ] KrispVADSetup: sampleRate = 48000, duration = 10
[2025-Oct-23 19:27:23.798 +02:00][31592:31633][info ] KrispVADReset
[2025-Oct-23 19:27:39.904 +02:00][31592:31643][info ] KrispVADSetup: sampleRate = 48000, duration = 10
[2025-Oct-23 20:48:15.213 +02:00][31592:31633][info ] KrispVADReset
[2025-Oct-23 22:42:33.779 +02:00][31592:31643][info ] KrispVADSetup: sampleRate = 48000, duration = 10
[2025-Oct-23 22:46:30.887 +02:00][31592:31633][info ] KrispVADReset
[2025-Oct-23 23:20:20.184 +02:00][ 6832: 6832][info ] Logging initialized
[2025-Oct-23 23:20:20.184 +02:00][ 6832: 6832][info ] Initializing krisp SDK...
[2025-Oct-23 23:20:20.184 +02:00][ 6832: 6832][info ] DoKrispInitialize
[2025-Oct-23 23:20:20.407 +02:00][ 6832: 6832][info ] LoadDynamicKrisp
[2025-Oct-23 23:20:20.407 +02:00][ 6832: 6832][info ] Did not find KRISP_DYLIB_PATH, skipping dynamic loading
[2025-Oct-23 23:20:20.407 +02:00][ 6832: 6832][info ] Initializing Krisp SDK in PID 6832, addr 0x7f23eee8cf90
[2025-Oct-23 23:20:20.407 +02:00][ 6832: 6832][info ] Initialized Krisp SDK successfully
[2025-Oct-23 23:20:20.407 +02:00][ 6832: 6832][info ] Krisp SDK initialized
[2025-Oct-24 17:07:24.751 +02:00][26867:26867][info ] Logging initialized
[2025-Oct-24 17:07:24.751 +02:00][26867:26867][info ] Initializing krisp SDK...
[2025-Oct-24 17:07:24.751 +02:00][26867:26867][info ] DoKrispInitialize
[2025-Oct-24 17:07:24.976 +02:00][26867:26867][info ] LoadDynamicKrisp
[2025-Oct-24 17:07:24.976 +02:00][26867:26867][info ] Did not find KRISP_DYLIB_PATH, skipping dynamic loading
[2025-Oct-24 17:07:24.976 +02:00][26867:26867][info ] Initializing Krisp SDK in PID 26867, addr 0x7fb19478cf90
[2025-Oct-24 17:07:24.976 +02:00][26867:26867][info ] Initialized Krisp SDK successfully
[2025-Oct-24 17:07:24.976 +02:00][26867:26867][info ] Krisp SDK initialized
[2025-Oct-24 19:56:40.783 +02:00][ 4206: 4206][info ] Logging initialized
[2025-Oct-24 19:56:40.783 +02:00][ 4206: 4206][info ] Initializing krisp SDK...
[2025-Oct-24 19:56:40.783 +02:00][ 4206: 4206][info ] DoKrispInitialize
[2025-Oct-24 19:56:41.008 +02:00][ 4206: 4206][info ] LoadDynamicKrisp
[2025-Oct-24 19:56:41.008 +02:00][ 4206: 4206][info ] Did not find KRISP_DYLIB_PATH, skipping dynamic loading
[2025-Oct-24 19:56:41.008 +02:00][ 4206: 4206][info ] Initializing Krisp SDK in PID 4206, addr 0x7f3983f8cf90
[2025-Oct-24 19:56:41.008 +02:00][ 4206: 4206][info ] Initialized Krisp SDK successfully
[2025-Oct-24 19:56:41.008 +02:00][ 4206: 4206][info ] Krisp SDK initialized
[2025-Oct-24 19:56:48.462 +02:00][ 4206: 4259][info ] KrispNCSetup: sampleRate = 48000, duration = 10
[2025-Oct-24 19:56:48.462 +02:00][ 4206: 4259][info ] Setting Krisp model: full_NC
[2025-Oct-24 19:56:48.481 +02:00][ 4206: 4259][info ] KrispVADSetup: sampleRate = 48000, duration = 10
[2025-Oct-24 19:59:48.068 +02:00][ 4206: 4248][info ] KrispVADReset
[2025-Oct-25 08:39:18.450 +02:00][160098:160098][info ] Logging initialized
[2025-Oct-25 08:39:18.450 +02:00][160098:160098][info ] Initializing krisp SDK...
[2025-Oct-25 08:39:18.450 +02:00][160098:160098][info ] DoKrispInitialize
[2025-Oct-25 08:39:18.677 +02:00][160098:160098][info ] LoadDynamicKrisp
[2025-Oct-25 08:39:18.677 +02:00][160098:160098][info ] Did not find KRISP_DYLIB_PATH, skipping dynamic loading
[2025-Oct-25 08:39:18.677 +02:00][160098:160098][info ] Initializing Krisp SDK in PID 160098, addr 0x7f902d48cf90
[2025-Oct-25 08:39:18.677 +02:00][160098:160098][info ] Initialized Krisp SDK successfully
[2025-Oct-25 08:39:18.677 +02:00][160098:160098][info ] Krisp SDK initialized
