10/20/2025, 11:27:21 PM GMT+2 0: 

----------------------------------------------
10/20/2025, 11:27:21 PM GMT+2 1: Discord starting: {"releaseChannel":"stable","version":"0.0.112"}, modulepath: /home/marko/.config/discord/0.0.112/modules
10/20/2025, 11:27:21 PM GMT+2 2: ✅ webContents.created web1 "index.html"
10/20/2025, 11:27:21 PM GMT+2 3: ✅ window.created win1 "discord"
10/20/2025, 11:27:21 PM GMT+2 4: ✅ webContents.did-finish-load web1
10/20/2025, 11:27:34 PM GMT+2 5: ✅ webContents.created web2 ""
10/20/2025, 11:27:34 PM GMT+2 6: ✅ window.created win2 "Discord"
10/20/2025, 11:27:35 PM GMT+2 7: ✅ webContents.did-finish-load web2
10/20/2025, 11:27:35 PM GMT+2 8: window.close win1
10/20/2025, 11:27:35 PM GMT+2 9: webContents.destroyed web1
10/20/2025, 11:27:35 PM GMT+2 10: window.closed win1
10/20/2025, 11:31:22 PM GMT+2 11: window.close win2
10/20/2025, 11:37:45 PM GMT+2 0: 

----------------------------------------------
10/20/2025, 11:37:48 PM GMT+2 12: window.close win2
10/20/2025, 11:42:53 PM GMT+2 0: 

----------------------------------------------
10/20/2025, 11:46:39 PM GMT+2 13: window.close win2
10/20/2025, 11:46:47 PM GMT+2 0: 

----------------------------------------------
10/21/2025, 12:00:13 AM GMT+2 14: window.close win2
10/21/2025, 12:12:38 AM GMT+2 0: 

----------------------------------------------
10/21/2025, 12:17:41 AM GMT+2 15: window.close win2
10/21/2025, 12:21:18 AM GMT+2 16: before-quit
10/21/2025, 12:21:18 AM GMT+2 17: window.close win2
10/23/2025, 4:57:57 PM GMT+2 0: 

----------------------------------------------
10/23/2025, 4:57:57 PM GMT+2 1: Discord starting: {"releaseChannel":"stable","version":"0.0.112"}, modulepath: /home/marko/.config/discord/0.0.112/modules
10/23/2025, 4:57:57 PM GMT+2 2: ✅ webContents.created web1 "index.html"
10/23/2025, 4:57:57 PM GMT+2 3: ✅ window.created win1 "discord"
10/23/2025, 4:57:57 PM GMT+2 4: ✅ webContents.did-finish-load web1
10/23/2025, 4:57:59 PM GMT+2 5: ✅ webContents.created web2 ""
10/23/2025, 4:57:59 PM GMT+2 6: ✅ window.created win2 "Discord"
10/23/2025, 4:57:59 PM GMT+2 7: ✅ webContents.did-finish-load web2
10/23/2025, 4:58:00 PM GMT+2 8: window.close win1
10/23/2025, 4:58:00 PM GMT+2 9: webContents.destroyed web1
10/23/2025, 4:58:00 PM GMT+2 10: window.closed win1
10/23/2025, 8:44:58 PM GMT+2 11: window.close win2
10/23/2025, 8:45:32 PM GMT+2 0: 

----------------------------------------------
10/23/2025, 10:14:52 PM GMT+2 0: 

----------------------------------------------
10/23/2025, 10:18:06 PM GMT+2 0: 

----------------------------------------------
10/23/2025, 10:18:12 PM GMT+2 0: 

----------------------------------------------
10/23/2025, 10:39:20 PM GMT+2 12: window.close win2
10/23/2025, 10:39:45 PM GMT+2 0: 

----------------------------------------------
10/23/2025, 10:42:07 PM GMT+2 13: window.close win2
10/23/2025, 10:42:29 PM GMT+2 0: 

----------------------------------------------
10/23/2025, 10:43:17 PM GMT+2 0: 

----------------------------------------------
10/23/2025, 10:44:53 PM GMT+2 14: window.close win2
10/23/2025, 10:45:37 PM GMT+2 0: 

----------------------------------------------
10/23/2025, 11:09:42 PM GMT+2 15: window.close win2
10/23/2025, 11:09:56 PM GMT+2 16: before-quit
10/23/2025, 11:09:56 PM GMT+2 17: window.close win2
10/23/2025, 11:09:56 PM GMT+2 18: ❌ child-process-gone {
  type: 'Utility',
  reason: 'killed',
  exitCode: 15,
  serviceName: 'audio.mojom.AudioService',
  name: 'Audio Service'
}
10/23/2025, 11:09:56 PM GMT+2 19: ❌ child-process-gone {
  type: 'Utility',
  reason: 'killed',
  exitCode: 15,
  serviceName: 'network.mojom.NetworkService',
  name: 'Network Service'
}
10/23/2025, 11:20:18 PM GMT+2 0: 

----------------------------------------------
10/23/2025, 11:20:18 PM GMT+2 1: Discord starting: {"releaseChannel":"stable","version":"0.0.112"}, modulepath: /home/marko/.config/discord/0.0.112/modules
10/23/2025, 11:20:18 PM GMT+2 2: ✅ webContents.created web1 "index.html"
10/23/2025, 11:20:18 PM GMT+2 3: ✅ window.created win1 "discord"
10/23/2025, 11:20:18 PM GMT+2 4: ✅ webContents.did-finish-load web1
10/23/2025, 11:20:19 PM GMT+2 5: ✅ webContents.created web2 ""
10/23/2025, 11:20:19 PM GMT+2 6: ✅ window.created win2 "Discord"
10/23/2025, 11:20:19 PM GMT+2 7: ✅ webContents.did-finish-load web2
10/23/2025, 11:20:20 PM GMT+2 8: window.close win1
10/23/2025, 11:20:20 PM GMT+2 9: webContents.destroyed web1
10/23/2025, 11:20:20 PM GMT+2 10: window.closed win1
10/23/2025, 11:21:29 PM GMT+2 11: window.close win2
10/23/2025, 11:22:08 PM GMT+2 12: before-quit
10/23/2025, 11:22:08 PM GMT+2 13: window.close win2
10/24/2025, 5:05:21 PM GMT+2 0: 

----------------------------------------------
10/24/2025, 5:05:21 PM GMT+2 1: Discord starting: {"releaseChannel":"stable","version":"0.0.112"}, modulepath: /home/marko/.config/discord/0.0.112/modules
10/24/2025, 5:05:21 PM GMT+2 2: ✅ webContents.created web1 "index.html"
10/24/2025, 5:05:21 PM GMT+2 3: ✅ window.created win1 "discord"
10/24/2025, 5:05:21 PM GMT+2 4: ✅ webContents.did-finish-load web1
10/24/2025, 5:06:42 PM GMT+2 5: ✅ webContents.created web2 ""
10/24/2025, 5:06:42 PM GMT+2 6: ✅ window.created win2 "Discord"
10/24/2025, 5:07:24 PM GMT+2 7: ✅ webContents.did-finish-load web2
10/24/2025, 5:07:24 PM GMT+2 8: window.close win1
10/24/2025, 5:07:24 PM GMT+2 9: webContents.destroyed web1
10/24/2025, 5:07:24 PM GMT+2 10: window.closed win1
10/24/2025, 5:16:51 PM GMT+2 11: window.close win2
10/24/2025, 5:17:00 PM GMT+2 12: before-quit
10/24/2025, 5:17:00 PM GMT+2 13: window.close win2
10/24/2025, 5:17:00 PM GMT+2 14: ❌ child-process-gone {
  type: 'Utility',
  reason: 'killed',
  exitCode: 15,
  serviceName: 'audio.mojom.AudioService',
  name: 'Audio Service'
}
10/24/2025, 7:56:39 PM GMT+2 0: 

----------------------------------------------
10/24/2025, 7:56:39 PM GMT+2 1: Discord starting: {"releaseChannel":"stable","version":"0.0.112"}, modulepath: /home/marko/.config/discord/0.0.112/modules
10/24/2025, 7:56:39 PM GMT+2 2: ✅ webContents.created web1 "index.html"
10/24/2025, 7:56:39 PM GMT+2 3: ✅ window.created win1 "discord"
10/24/2025, 7:56:39 PM GMT+2 4: ✅ webContents.did-finish-load web1
10/24/2025, 7:56:39 PM GMT+2 5: ✅ webContents.created web2 ""
10/24/2025, 7:56:39 PM GMT+2 6: ✅ window.created win2 "Discord"
10/24/2025, 7:56:40 PM GMT+2 7: ✅ webContents.did-finish-load web2
10/24/2025, 7:56:40 PM GMT+2 8: window.close win1
10/24/2025, 7:56:40 PM GMT+2 9: webContents.destroyed web1
10/24/2025, 7:56:40 PM GMT+2 10: window.closed win1
10/24/2025, 8:04:30 PM GMT+2 11: before-quit
10/24/2025, 8:04:30 PM GMT+2 12: window.close win2
10/24/2025, 8:04:30 PM GMT+2 13: ❌ child-process-gone {
  type: 'Utility',
  reason: 'killed',
  exitCode: 15,
  serviceName: 'audio.mojom.AudioService',
  name: 'Audio Service'
}
10/25/2025, 8:39:17 AM GMT+2 0: 

----------------------------------------------
10/25/2025, 8:39:17 AM GMT+2 1: Discord starting: {"releaseChannel":"stable","version":"0.0.112"}, modulepath: /home/marko/.config/discord/0.0.112/modules
10/25/2025, 8:39:17 AM GMT+2 2: ✅ webContents.created web1 "index.html"
10/25/2025, 8:39:17 AM GMT+2 3: ✅ window.created win1 "discord"
10/25/2025, 8:39:17 AM GMT+2 4: ✅ webContents.did-finish-load web1
10/25/2025, 8:39:17 AM GMT+2 5: ✅ webContents.created web2 ""
10/25/2025, 8:39:17 AM GMT+2 6: ✅ window.created win2 "Discord"
10/25/2025, 8:39:18 AM GMT+2 7: ✅ webContents.did-finish-load web2
10/25/2025, 8:39:18 AM GMT+2 8: window.close win1
10/25/2025, 8:39:18 AM GMT+2 9: webContents.destroyed web1
10/25/2025, 8:39:18 AM GMT+2 10: window.closed win1
10/25/2025, 8:49:14 AM GMT+2 11: window.close win2
